C:\USERS\TYCO\DROPBOX\SCHOOL\CURRENT_CLASSES\CSE470\PROJ1\PROJ1\DEBUG\PROJ1.EXE
C:\USERS\TYCO\DROPBOX\SCHOOL\CURRENT_CLASSES\CSE470\PROJ1\PROJ1\DEBUG\PROJ1.ILK
C:\USERS\TYCO\DROPBOX\SCHOOL\CURRENT_CLASSES\CSE470\PROJ1\PROJ1\DEBUG\PROJ1.PDB
C:\Users\tyco\Dropbox\School\Current_Classes\cse470\proj1\proj1\proj1\Debug\cl.command.1.tlog
C:\Users\tyco\Dropbox\School\Current_Classes\cse470\proj1\proj1\proj1\Debug\CL.read.1.tlog
C:\Users\tyco\Dropbox\School\Current_Classes\cse470\proj1\proj1\proj1\Debug\CL.write.1.tlog
C:\USERS\TYCO\DROPBOX\SCHOOL\CURRENT_CLASSES\CSE470\PROJ1\PROJ1\PROJ1\DEBUG\DRAWSCORE.OBJ
C:\USERS\TYCO\DROPBOX\SCHOOL\CURRENT_CLASSES\CSE470\PROJ1\PROJ1\PROJ1\DEBUG\DRAWSHAPES.OBJ
C:\USERS\TYCO\DROPBOX\SCHOOL\CURRENT_CLASSES\CSE470\PROJ1\PROJ1\PROJ1\DEBUG\GLOBALS.OBJ
C:\Users\tyco\Dropbox\School\Current_Classes\cse470\proj1\proj1\proj1\Debug\link.8252.read.1.tlog
C:\Users\tyco\Dropbox\School\Current_Classes\cse470\proj1\proj1\proj1\Debug\link.8252.write.1.tlog
C:\Users\tyco\Dropbox\School\Current_Classes\cse470\proj1\proj1\proj1\Debug\link.8252-cvtres.read.1.tlog
C:\Users\tyco\Dropbox\School\Current_Classes\cse470\proj1\proj1\proj1\Debug\link.8252-cvtres.write.1.tlog
C:\Users\tyco\Dropbox\School\Current_Classes\cse470\proj1\proj1\proj1\Debug\link.command.1.tlog
C:\Users\tyco\Dropbox\School\Current_Classes\cse470\proj1\proj1\proj1\Debug\link.read.1.tlog
C:\Users\tyco\Dropbox\School\Current_Classes\cse470\proj1\proj1\proj1\Debug\link.write.1.tlog
C:\Users\tyco\Dropbox\School\Current_Classes\cse470\proj1\proj1\proj1\Debug\link-cvtres.read.1.tlog
C:\Users\tyco\Dropbox\School\Current_Classes\cse470\proj1\proj1\proj1\Debug\link-cvtres.write.1.tlog
C:\Users\tyco\Dropbox\School\Current_Classes\cse470\proj1\proj1\proj1\Debug\mt.command.1.tlog
C:\Users\tyco\Dropbox\School\Current_Classes\cse470\proj1\proj1\proj1\Debug\mt.read.1.tlog
C:\Users\tyco\Dropbox\School\Current_Classes\cse470\proj1\proj1\proj1\Debug\mt.write.1.tlog
C:\USERS\TYCO\DROPBOX\SCHOOL\CURRENT_CLASSES\CSE470\PROJ1\PROJ1\PROJ1\DEBUG\PROJ1.EXE.EMBED.MANIFEST
C:\USERS\TYCO\DROPBOX\SCHOOL\CURRENT_CLASSES\CSE470\PROJ1\PROJ1\PROJ1\DEBUG\PROJ1.EXE.EMBED.MANIFEST.RES
C:\USERS\TYCO\DROPBOX\SCHOOL\CURRENT_CLASSES\CSE470\PROJ1\PROJ1\PROJ1\DEBUG\PROJ1.EXE.INTERMEDIATE.MANIFEST
C:\USERS\TYCO\DROPBOX\SCHOOL\CURRENT_CLASSES\CSE470\PROJ1\PROJ1\PROJ1\DEBUG\PROJ1.OBJ
C:\Users\tyco\Dropbox\School\Current_Classes\cse470\proj1\proj1\proj1\Debug\proj1.write.1.tlog
C:\Users\tyco\Dropbox\School\Current_Classes\cse470\proj1\proj1\proj1\Debug\proj1_manifest.rc
C:\Users\tyco\Dropbox\School\Current_Classes\cse470\proj1\proj1\proj1\Debug\rc.command.1.tlog
C:\Users\tyco\Dropbox\School\Current_Classes\cse470\proj1\proj1\proj1\Debug\rc.read.1.tlog
C:\Users\tyco\Dropbox\School\Current_Classes\cse470\proj1\proj1\proj1\Debug\rc.write.1.tlog
C:\USERS\TYCO\DROPBOX\SCHOOL\CURRENT_CLASSES\CSE470\PROJ1\PROJ1\PROJ1\DEBUG\SHAPEOBJECTS.OBJ
C:\USERS\TYCO\DROPBOX\SCHOOL\CURRENT_CLASSES\CSE470\PROJ1\PROJ1\PROJ1\DEBUG\SHAPES.OBJ
C:\Users\tyco\Dropbox\School\Current_Classes\cse470\proj1\proj1\proj1\Debug\vc100.idb
C:\USERS\TYCO\DROPBOX\SCHOOL\CURRENT_CLASSES\CSE470\PROJ1\PROJ1\PROJ1\DEBUG\VC100.PDB
