Build started 12/14/2014 8:02:25 PM.
     1>Project "C:\Users\Carl\Documents\bf-eecs587\HW\termProject\2dVisualizer\proj1\proj1.vcxproj" on node 2 (build target(s)).
     1>InitializeBuildStatus:
         Creating "Debug\proj1.unsuccessfulbuild" because "AlwaysCreate" was specified.
       ClCompile:
         c:\Program Files (x86)\Microsoft Visual Studio 10.0\VC\bin\CL.exe /c /ZI /nologo /W3 /WX- /Od /Oy- /D WIN32 /D _DEBUG /D _CONSOLE /D _UNICODE /D UNICODE /Gm /EHsc /RTC1 /MDd /GS /fp:precise /Zc:wchar_t /Zc:forScope /Fo"Debug\\" /Fd"Debug\vc100.pdb" /Gd /TP /analyze- /errorReport:prompt drawShapes.cpp
         drawShapes.cpp
     1>c:\users\carl\documents\bf-eecs587\hw\termproject\2dvisualizer\proj1\drawshapes.cpp(14): warning C4996: 'fopen': This function or variable may be unsafe. Consider using fopen_s instead. To disable deprecation, use _CRT_SECURE_NO_WARNINGS. See online help for details.
                 c:\program files (x86)\microsoft visual studio 10.0\vc\include\stdio.h(234) : see declaration of 'fopen'
     1>c:\users\carl\documents\bf-eecs587\hw\termproject\2dvisualizer\proj1\drawshapes.cpp(23): warning C4018: '<' : signed/unsigned mismatch
     1>c:\users\carl\documents\bf-eecs587\hw\termproject\2dvisualizer\proj1\drawshapes.cpp(20): warning C4101: 'bs' : unreferenced local variable
     1>c:\users\carl\documents\bf-eecs587\hw\termproject\2dvisualizer\proj1\drawshapes.cpp(37): warning C4018: '<' : signed/unsigned mismatch
     1>c:\users\carl\documents\bf-eecs587\hw\termproject\2dvisualizer\proj1\drawshapes.cpp(52): warning C4101: 'temp' : unreferenced local variable
       ManifestResourceCompile:
         All outputs are up-to-date.
       Link:
         c:\Program Files (x86)\Microsoft Visual Studio 10.0\VC\bin\link.exe /ERRORREPORT:PROMPT /OUT:"C:\Users\Carl\Documents\bf-eecs587\HW\termProject\2dVisualizer\Debug\proj1.exe" /INCREMENTAL /NOLOGO glut32.lib kernel32.lib user32.lib gdi32.lib winspool.lib comdlg32.lib advapi32.lib shell32.lib ole32.lib oleaut32.lib uuid.lib odbc32.lib odbccp32.lib /MANIFEST /ManifestFile:"Debug\proj1.exe.intermediate.manifest" /MANIFESTUAC:"level='asInvoker' uiAccess='false'" /DEBUG /PDB:"C:\Users\Carl\Documents\bf-eecs587\HW\termProject\2dVisualizer\Debug\proj1.pdb" /SUBSYSTEM:CONSOLE /TLBID:1 /DYNAMICBASE /NXCOMPAT /IMPLIB:"C:\Users\Carl\Documents\bf-eecs587\HW\termProject\2dVisualizer\Debug\proj1.lib" /MACHINE:X86 Debug\proj1.exe.embed.manifest.res
         Debug\drawScore.obj
         Debug\drawShapes.obj
         Debug\globals.obj
         Debug\proj1.obj
         Debug\shapeObjects.obj
         Debug\shapes.obj
       Manifest:
         C:\Program Files (x86)\Microsoft SDKs\Windows\v7.0A\bin\mt.exe /nologo /verbose /out:"Debug\proj1.exe.embed.manifest" /manifest Debug\proj1.exe.intermediate.manifest
         All outputs are up-to-date.
       LinkEmbedManifest:
         All outputs are up-to-date.
         proj1.vcxproj -> C:\Users\Carl\Documents\bf-eecs587\HW\termProject\2dVisualizer\Debug\proj1.exe
       FinalizeBuildStatus:
         Deleting file "Debug\proj1.unsuccessfulbuild".
         Touching "Debug\proj1.lastbuildstate".
     1>Done Building Project "C:\Users\Carl\Documents\bf-eecs587\HW\termProject\2dVisualizer\proj1\proj1.vcxproj" (build target(s)).

Build succeeded.

Time Elapsed 00:00:00.95
